<?xml version="1.0" encoding="UTF-8"?>
<!-- Generated by org.testng.reporters.JUnitReportReporter -->
<testsuite hostname="IN-PG02NJQY" failures="0" tests="1" name="utils.BaseClass" time="4.073" errors="0" timestamp="2023-01-19T14:30:45 IST" skipped="0">
  <testcase classname="utils.BaseClass" name="openUrl" time="4.073"/>
  <system-out/>
</testsuite> <!-- utils.BaseClass -->
