<?xml version="1.0" encoding="UTF-8"?>
<!-- Generated by org.testng.reporters.JUnitReportReporter -->
<testsuite hostname="IN-PG02NJQY" failures="0" tests="1" name="tests.ShopTest" time="2.873" errors="0" timestamp="2023-01-25T19:21:16 IST" skipped="0">
  <testcase classname="tests.ShopTest" name="testShop" time="2.873"/>
  <system-out/>
</testsuite> <!-- tests.ShopTest -->
